Arguments: 
  /home/oblivion/.nvm/versions/node/v16.10.0/bin/node /home/oblivion/.nvm/versions/node/v16.10.0/bin/yarn init

PATH: 
  /home/oblivion/.nvm/versions/node/v16.10.0/bin:/usr/bin:/home/oblivion/.nvm/versions/node/v16.10.0/bin:/home/oblivion/.nvm/versions/node/v16.10.0/bin:/home/oblivion/.yar/bin:/home/oblivion/.nvm/versions/node/v16.10.0/bin:/home/oblivion/.local/share/pnpm:/usr/bin:/home/oblivion/.nvm/versions/node/v16.13.0/bin::/home/oblivion/bin:/usr/local/sbin:/usr/local/bin:/usr/sbin:/usr/bin:/sbin:/bin:/usr/games:/usr/local/games:/snap/bin:/home/oblivion/.yarn/bin:/home/oblivion/Android/Sdk/emulator:/home/oblivion/Android/Sdk/platform-tools:/home/oblivion/Android/Sdk:/home/oblivion/scripts:/home/oblivion/Android/Sdk/emulator:/home/oblivion/Android/Sdk/platform-tools:/home/oblivion/Android/Sdk:/home/oblivion/scripts

Yarn version: 
  1.22.19

Node version: 
  16.10.0

Platform: 
  linux x64

Trace: 
  Error: canceled
      at Interface.<anonymous> (/home/oblivion/.nvm/versions/node/v16.10.0/lib/node_modules/yarn/lib/cli.js:137150:13)
      at Interface.emit (node:events:390:28)
      at Interface._ttyWrite (node:readline:1081:16)
      at ReadStream.onkeypress (node:readline:288:10)
      at ReadStream.emit (node:events:390:28)
      at emitKeys (node:internal/readline/utils:358:14)
      at emitKeys.next (<anonymous>)
      at ReadStream.onData (node:internal/readline/emitKeypressEvents:61:36)
      at ReadStream.emit (node:events:390:28)
      at addChunk (node:internal/streams/readable:315:12)

npm manifest: 
  No manifest

yarn manifest: 
  No manifest

Lockfile: 
  No lockfile
